
*** Running vivado
    with args -log Top_Student.vds -m64 -product Vivado -mode batch -messageDb vivado.pb -notrace -source Top_Student.tcl


****** Vivado v2018.2 (64-bit)
  **** SW Build 2258646 on Thu Jun 14 20:03:12 MDT 2018
  **** IP Build 2256618 on Thu Jun 14 22:10:49 MDT 2018
    ** Copyright 1986-2018 Xilinx, Inc. All Rights Reserved.

source Top_Student.tcl -notrace
Command: synth_design -top Top_Student -part xc7a35tcpg236-1
Starting synth_design
Attempting to get a license for feature 'Synthesis' and/or device 'xc7a35t'
INFO: [Common 17-349] Got license for feature 'Synthesis' and/or device 'xc7a35t'
INFO: Launching helper process for spawning children vivado processes
INFO: Helper process launched with PID 9092 
---------------------------------------------------------------------------------
Starting RTL Elaboration : Time (s): cpu = 00:00:03 ; elapsed = 00:00:03 . Memory (MB): peak = 386.316 ; gain = 99.695
---------------------------------------------------------------------------------
INFO: [Synth 8-6157] synthesizing module 'Top_Student' [C:/Users/junki/Downloads/Telegram Desktop/incomplete_cockery.xpr/SoundDisplay/SoundDisplay.srcs/sources_1/new/Top_Student.v:18]
INFO: [Synth 8-6157] synthesizing module 'flexible_clock_module' [C:/Users/junki/Downloads/Telegram Desktop/incomplete_cockery.xpr/SoundDisplay/SoundDisplay.srcs/sources_1/new/my_clock_module.v:38]
WARNING: [Synth 8-589] replacing case/wildcard equality operator === with logical equality operator == [C:/Users/junki/Downloads/Telegram Desktop/incomplete_cockery.xpr/SoundDisplay/SoundDisplay.srcs/sources_1/new/my_clock_module.v:49]
INFO: [Synth 8-6155] done synthesizing module 'flexible_clock_module' (1#1) [C:/Users/junki/Downloads/Telegram Desktop/incomplete_cockery.xpr/SoundDisplay/SoundDisplay.srcs/sources_1/new/my_clock_module.v:38]
INFO: [Synth 8-6157] synthesizing module 'Audio_Capture' [C:/Users/junki/Downloads/Telegram Desktop/incomplete_cockery.xpr/SoundDisplay/SoundDisplay.srcs/sources_1/new/Audio_Capture.v:25]
INFO: [Synth 8-6155] done synthesizing module 'Audio_Capture' (2#1) [C:/Users/junki/Downloads/Telegram Desktop/incomplete_cockery.xpr/SoundDisplay/SoundDisplay.srcs/sources_1/new/Audio_Capture.v:25]
INFO: [Synth 8-6157] synthesizing module 'fast_fourier_transform' [C:/Users/junki/Downloads/Telegram Desktop/incomplete_cockery.xpr/SoundDisplay/SoundDisplay.srcs/sources_1/new/fast_fourier_transform.v:23]
	Parameter max_addresses bound to: 1023 - type: integer 
INFO: [Synth 8-6157] synthesizing module 'bram_4_fft' [C:/Users/junki/Downloads/Telegram Desktop/incomplete_cockery.xpr/SoundDisplay/SoundDisplay.runs/synth_1/.Xil/Vivado-27532-LAPTOP-LBPU650A/realtime/bram_4_fft_stub.v:6]
INFO: [Synth 8-6155] done synthesizing module 'bram_4_fft' (3#1) [C:/Users/junki/Downloads/Telegram Desktop/incomplete_cockery.xpr/SoundDisplay/SoundDisplay.runs/synth_1/.Xil/Vivado-27532-LAPTOP-LBPU650A/realtime/bram_4_fft_stub.v:6]
INFO: [Synth 8-6157] synthesizing module 'xfft_0' [C:/Users/junki/Downloads/Telegram Desktop/incomplete_cockery.xpr/SoundDisplay/SoundDisplay.runs/synth_1/.Xil/Vivado-27532-LAPTOP-LBPU650A/realtime/xfft_0_stub.v:6]
INFO: [Synth 8-6155] done synthesizing module 'xfft_0' (4#1) [C:/Users/junki/Downloads/Telegram Desktop/incomplete_cockery.xpr/SoundDisplay/SoundDisplay.runs/synth_1/.Xil/Vivado-27532-LAPTOP-LBPU650A/realtime/xfft_0_stub.v:6]
WARNING: [Synth 8-350] instance 'fft' of module 'xfft_0' requires 19 connections, but only 12 given [C:/Users/junki/Downloads/Telegram Desktop/incomplete_cockery.xpr/SoundDisplay/SoundDisplay.srcs/sources_1/new/fast_fourier_transform.v:66]
INFO: [Synth 8-6155] done synthesizing module 'fast_fourier_transform' (5#1) [C:/Users/junki/Downloads/Telegram Desktop/incomplete_cockery.xpr/SoundDisplay/SoundDisplay.srcs/sources_1/new/fast_fourier_transform.v:23]
INFO: [Synth 8-6157] synthesizing module 'freq_to_graph' [C:/Users/junki/Downloads/Telegram Desktop/incomplete_cockery.xpr/SoundDisplay/SoundDisplay.srcs/sources_1/new/freq_to_graph.v:23]
INFO: [Synth 8-6155] done synthesizing module 'freq_to_graph' (6#1) [C:/Users/junki/Downloads/Telegram Desktop/incomplete_cockery.xpr/SoundDisplay/SoundDisplay.srcs/sources_1/new/freq_to_graph.v:23]
INFO: [Synth 8-6157] synthesizing module 'vol_indicator' [C:/Users/junki/Downloads/Telegram Desktop/incomplete_cockery.xpr/SoundDisplay/SoundDisplay.srcs/sources_1/new/vol_indicator.v:23]
INFO: [Synth 8-6155] done synthesizing module 'vol_indicator' (7#1) [C:/Users/junki/Downloads/Telegram Desktop/incomplete_cockery.xpr/SoundDisplay/SoundDisplay.srcs/sources_1/new/vol_indicator.v:23]
WARNING: [Synth 8-350] instance 'volIndicator' of module 'vol_indicator' requires 6 connections, but only 5 given [C:/Users/junki/Downloads/Telegram Desktop/incomplete_cockery.xpr/SoundDisplay/SoundDisplay.srcs/sources_1/new/Top_Student.v:104]
INFO: [Synth 8-6157] synthesizing module 'oled_controller' [C:/Users/junki/Downloads/Telegram Desktop/incomplete_cockery.xpr/SoundDisplay/SoundDisplay.srcs/sources_1/new/oled_controller.v:23]
	Parameter oled_green bound to: 16'b0000011111100000 
	Parameter oled_orange bound to: 16'b1111111000000000 
	Parameter oled_red bound to: 16'b1111100000000000 
	Parameter oled_black bound to: 16'b0000000000000000 
	Parameter max_freq bound to: 6'b111001 
INFO: [Synth 8-6155] done synthesizing module 'oled_controller' (8#1) [C:/Users/junki/Downloads/Telegram Desktop/incomplete_cockery.xpr/SoundDisplay/SoundDisplay.srcs/sources_1/new/oled_controller.v:23]
INFO: [Synth 8-6157] synthesizing module 'Oled_Display' [C:/Users/junki/Downloads/Telegram Desktop/incomplete_cockery.xpr/SoundDisplay/SoundDisplay.srcs/sources_1/new/Oled_Display.v:36]
	Parameter Width bound to: 96 - type: integer 
	Parameter Height bound to: 64 - type: integer 
	Parameter PixelCount bound to: 6144 - type: integer 
	Parameter PixelCountWidth bound to: 13 - type: integer 
	Parameter ClkFreq bound to: 6250000 - type: integer 
	Parameter FrameFreq bound to: 60 - type: integer 
	Parameter FrameDiv bound to: 104166 - type: integer 
	Parameter FrameDivWidth bound to: 17 - type: integer 
	Parameter PowerDelay bound to: 20 - type: integer 
	Parameter ResetDelay bound to: 3 - type: integer 
	Parameter VccEnDelay bound to: 20 - type: integer 
	Parameter StartupCompleteDelay bound to: 100 - type: integer 
	Parameter MaxDelay bound to: 100 - type: integer 
	Parameter MaxDelayCount bound to: 625000 - type: integer 
	Parameter StateCount bound to: 32 - type: integer 
	Parameter StateWidth bound to: 5 - type: integer 
	Parameter PowerUp bound to: 5'b00000 
	Parameter Reset bound to: 5'b00001 
	Parameter ReleaseReset bound to: 5'b00011 
	Parameter EnableDriver bound to: 5'b00010 
	Parameter DisplayOff bound to: 5'b00110 
	Parameter SetRemapDisplayFormat bound to: 5'b00111 
	Parameter SetStartLine bound to: 5'b00101 
	Parameter SetOffset bound to: 5'b00100 
	Parameter SetNormalDisplay bound to: 5'b01100 
	Parameter SetMultiplexRatio bound to: 5'b01101 
	Parameter SetMasterConfiguration bound to: 5'b01111 
	Parameter DisablePowerSave bound to: 5'b01110 
	Parameter SetPhaseAdjust bound to: 5'b01010 
	Parameter SetDisplayClock bound to: 5'b01011 
	Parameter SetSecondPrechargeA bound to: 5'b01001 
	Parameter SetSecondPrechargeB bound to: 5'b01000 
	Parameter SetSecondPrechargeC bound to: 5'b11000 
	Parameter SetPrechargeLevel bound to: 5'b11001 
	Parameter SetVCOMH bound to: 5'b11011 
	Parameter SetMasterCurrent bound to: 5'b11010 
	Parameter SetContrastA bound to: 5'b11110 
	Parameter SetContrastB bound to: 5'b11111 
	Parameter SetContrastC bound to: 5'b11101 
	Parameter DisableScrolling bound to: 5'b11100 
	Parameter ClearScreen bound to: 5'b10100 
	Parameter VccEn bound to: 5'b10101 
	Parameter DisplayOn bound to: 5'b10111 
	Parameter PrepareNextFrame bound to: 5'b10110 
	Parameter SetColAddress bound to: 5'b10010 
	Parameter SetRowAddress bound to: 5'b10011 
	Parameter WaitNextFrame bound to: 5'b10001 
	Parameter SendPixel bound to: 5'b10000 
	Parameter SpiCommandMaxWidth bound to: 40 - type: integer 
	Parameter SpiCommandBitCountWidth bound to: 6 - type: integer 
INFO: [Synth 8-226] default block is never used [C:/Users/junki/Downloads/Telegram Desktop/incomplete_cockery.xpr/SoundDisplay/SoundDisplay.srcs/sources_1/new/Oled_Display.v:124]
INFO: [Synth 8-226] default block is never used [C:/Users/junki/Downloads/Telegram Desktop/incomplete_cockery.xpr/SoundDisplay/SoundDisplay.srcs/sources_1/new/Oled_Display.v:201]
WARNING: [Synth 8-693] zero replication count - replication ignored [C:/Users/junki/Downloads/Telegram Desktop/incomplete_cockery.xpr/SoundDisplay/SoundDisplay.srcs/sources_1/new/Oled_Display.v:349]
INFO: [Synth 8-6155] done synthesizing module 'Oled_Display' (9#1) [C:/Users/junki/Downloads/Telegram Desktop/incomplete_cockery.xpr/SoundDisplay/SoundDisplay.srcs/sources_1/new/Oled_Display.v:36]
INFO: [Synth 8-6155] done synthesizing module 'Top_Student' (10#1) [C:/Users/junki/Downloads/Telegram Desktop/incomplete_cockery.xpr/SoundDisplay/SoundDisplay.srcs/sources_1/new/Top_Student.v:18]
WARNING: [Synth 8-3917] design Top_Student has port dp driven by constant 1
WARNING: [Synth 8-3331] design oled_controller has unconnected port sw[0]
WARNING: [Synth 8-3331] design oled_controller has unconnected port freq_cnts[464]
WARNING: [Synth 8-3331] design oled_controller has unconnected port freq_cnts[463]
WARNING: [Synth 8-3331] design oled_controller has unconnected port freq_cnts[462]
WARNING: [Synth 8-3331] design oled_controller has unconnected port freq_cnts[461]
WARNING: [Synth 8-3331] design oled_controller has unconnected port freq_cnts[460]
WARNING: [Synth 8-3331] design oled_controller has unconnected port freq_cnts[459]
WARNING: [Synth 8-3331] design oled_controller has unconnected port freq_cnts[458]
WARNING: [Synth 8-3331] design oled_controller has unconnected port freq_cnts[457]
WARNING: [Synth 8-3331] design oled_controller has unconnected port freq_cnts[456]
WARNING: [Synth 8-3331] design oled_controller has unconnected port freq_cnts[455]
WARNING: [Synth 8-3331] design oled_controller has unconnected port freq_cnts[454]
WARNING: [Synth 8-3331] design oled_controller has unconnected port freq_cnts[453]
WARNING: [Synth 8-3331] design oled_controller has unconnected port freq_cnts[452]
WARNING: [Synth 8-3331] design oled_controller has unconnected port freq_cnts[451]
WARNING: [Synth 8-3331] design oled_controller has unconnected port freq_cnts[450]
WARNING: [Synth 8-3331] design oled_controller has unconnected port freq_cnts[449]
WARNING: [Synth 8-3331] design oled_controller has unconnected port freq_cnts[448]
WARNING: [Synth 8-3331] design oled_controller has unconnected port freq_cnts[447]
WARNING: [Synth 8-3331] design oled_controller has unconnected port freq_cnts[446]
WARNING: [Synth 8-3331] design oled_controller has unconnected port freq_cnts[445]
WARNING: [Synth 8-3331] design oled_controller has unconnected port freq_cnts[444]
WARNING: [Synth 8-3331] design oled_controller has unconnected port freq_cnts[443]
WARNING: [Synth 8-3331] design oled_controller has unconnected port freq_cnts[442]
WARNING: [Synth 8-3331] design oled_controller has unconnected port freq_cnts[441]
WARNING: [Synth 8-3331] design oled_controller has unconnected port freq_cnts[440]
WARNING: [Synth 8-3331] design oled_controller has unconnected port freq_cnts[439]
WARNING: [Synth 8-3331] design oled_controller has unconnected port freq_cnts[438]
WARNING: [Synth 8-3331] design oled_controller has unconnected port freq_cnts[431]
WARNING: [Synth 8-3331] design oled_controller has unconnected port freq_cnts[430]
WARNING: [Synth 8-3331] design oled_controller has unconnected port freq_cnts[429]
WARNING: [Synth 8-3331] design oled_controller has unconnected port freq_cnts[428]
WARNING: [Synth 8-3331] design oled_controller has unconnected port freq_cnts[427]
WARNING: [Synth 8-3331] design oled_controller has unconnected port freq_cnts[426]
WARNING: [Synth 8-3331] design oled_controller has unconnected port freq_cnts[425]
WARNING: [Synth 8-3331] design oled_controller has unconnected port freq_cnts[424]
WARNING: [Synth 8-3331] design oled_controller has unconnected port freq_cnts[423]
WARNING: [Synth 8-3331] design oled_controller has unconnected port freq_cnts[422]
WARNING: [Synth 8-3331] design oled_controller has unconnected port freq_cnts[421]
WARNING: [Synth 8-3331] design oled_controller has unconnected port freq_cnts[420]
WARNING: [Synth 8-3331] design oled_controller has unconnected port freq_cnts[419]
WARNING: [Synth 8-3331] design oled_controller has unconnected port freq_cnts[418]
WARNING: [Synth 8-3331] design oled_controller has unconnected port freq_cnts[417]
WARNING: [Synth 8-3331] design oled_controller has unconnected port freq_cnts[416]
WARNING: [Synth 8-3331] design oled_controller has unconnected port freq_cnts[415]
WARNING: [Synth 8-3331] design oled_controller has unconnected port freq_cnts[414]
WARNING: [Synth 8-3331] design oled_controller has unconnected port freq_cnts[413]
WARNING: [Synth 8-3331] design oled_controller has unconnected port freq_cnts[412]
WARNING: [Synth 8-3331] design oled_controller has unconnected port freq_cnts[411]
WARNING: [Synth 8-3331] design oled_controller has unconnected port freq_cnts[410]
WARNING: [Synth 8-3331] design oled_controller has unconnected port freq_cnts[409]
WARNING: [Synth 8-3331] design oled_controller has unconnected port freq_cnts[408]
WARNING: [Synth 8-3331] design oled_controller has unconnected port freq_cnts[401]
WARNING: [Synth 8-3331] design oled_controller has unconnected port freq_cnts[400]
WARNING: [Synth 8-3331] design oled_controller has unconnected port freq_cnts[399]
WARNING: [Synth 8-3331] design oled_controller has unconnected port freq_cnts[398]
WARNING: [Synth 8-3331] design oled_controller has unconnected port freq_cnts[397]
WARNING: [Synth 8-3331] design oled_controller has unconnected port freq_cnts[396]
WARNING: [Synth 8-3331] design oled_controller has unconnected port freq_cnts[395]
WARNING: [Synth 8-3331] design oled_controller has unconnected port freq_cnts[394]
WARNING: [Synth 8-3331] design oled_controller has unconnected port freq_cnts[393]
WARNING: [Synth 8-3331] design oled_controller has unconnected port freq_cnts[392]
WARNING: [Synth 8-3331] design oled_controller has unconnected port freq_cnts[391]
WARNING: [Synth 8-3331] design oled_controller has unconnected port freq_cnts[390]
WARNING: [Synth 8-3331] design oled_controller has unconnected port freq_cnts[389]
WARNING: [Synth 8-3331] design oled_controller has unconnected port freq_cnts[388]
WARNING: [Synth 8-3331] design oled_controller has unconnected port freq_cnts[387]
WARNING: [Synth 8-3331] design oled_controller has unconnected port freq_cnts[386]
WARNING: [Synth 8-3331] design oled_controller has unconnected port freq_cnts[385]
WARNING: [Synth 8-3331] design oled_controller has unconnected port freq_cnts[384]
WARNING: [Synth 8-3331] design oled_controller has unconnected port freq_cnts[383]
WARNING: [Synth 8-3331] design oled_controller has unconnected port freq_cnts[382]
WARNING: [Synth 8-3331] design oled_controller has unconnected port freq_cnts[381]
WARNING: [Synth 8-3331] design oled_controller has unconnected port freq_cnts[380]
WARNING: [Synth 8-3331] design oled_controller has unconnected port freq_cnts[379]
WARNING: [Synth 8-3331] design oled_controller has unconnected port freq_cnts[378]
WARNING: [Synth 8-3331] design oled_controller has unconnected port freq_cnts[371]
WARNING: [Synth 8-3331] design oled_controller has unconnected port freq_cnts[370]
WARNING: [Synth 8-3331] design oled_controller has unconnected port freq_cnts[369]
WARNING: [Synth 8-3331] design oled_controller has unconnected port freq_cnts[368]
WARNING: [Synth 8-3331] design oled_controller has unconnected port freq_cnts[367]
WARNING: [Synth 8-3331] design oled_controller has unconnected port freq_cnts[366]
WARNING: [Synth 8-3331] design oled_controller has unconnected port freq_cnts[365]
WARNING: [Synth 8-3331] design oled_controller has unconnected port freq_cnts[364]
WARNING: [Synth 8-3331] design oled_controller has unconnected port freq_cnts[363]
WARNING: [Synth 8-3331] design oled_controller has unconnected port freq_cnts[362]
WARNING: [Synth 8-3331] design oled_controller has unconnected port freq_cnts[361]
WARNING: [Synth 8-3331] design oled_controller has unconnected port freq_cnts[360]
WARNING: [Synth 8-3331] design oled_controller has unconnected port freq_cnts[359]
WARNING: [Synth 8-3331] design oled_controller has unconnected port freq_cnts[358]
WARNING: [Synth 8-3331] design oled_controller has unconnected port freq_cnts[357]
WARNING: [Synth 8-3331] design oled_controller has unconnected port freq_cnts[356]
WARNING: [Synth 8-3331] design oled_controller has unconnected port freq_cnts[355]
WARNING: [Synth 8-3331] design oled_controller has unconnected port freq_cnts[354]
WARNING: [Synth 8-3331] design oled_controller has unconnected port freq_cnts[353]
WARNING: [Synth 8-3331] design oled_controller has unconnected port freq_cnts[352]
WARNING: [Synth 8-3331] design oled_controller has unconnected port freq_cnts[351]
WARNING: [Synth 8-3331] design oled_controller has unconnected port freq_cnts[350]
WARNING: [Synth 8-3331] design oled_controller has unconnected port freq_cnts[349]
WARNING: [Synth 8-3331] design oled_controller has unconnected port freq_cnts[348]
INFO: [Common 17-14] Message 'Synth 8-3331' appears 100 times and further instances of the messages will be disabled. Use the Tcl command set_msg_config to change the current settings.
---------------------------------------------------------------------------------
Finished RTL Elaboration : Time (s): cpu = 00:00:04 ; elapsed = 00:00:05 . Memory (MB): peak = 441.273 ; gain = 154.652
---------------------------------------------------------------------------------

Report Check Netlist: 
+------+------------------+-------+---------+-------+------------------+
|      |Item              |Errors |Warnings |Status |Description       |
+------+------------------+-------+---------+-------+------------------+
|1     |multi_driven_nets |      0|        0|Passed |Multi driven nets |
+------+------------------+-------+---------+-------+------------------+
---------------------------------------------------------------------------------
Start Handling Custom Attributes
---------------------------------------------------------------------------------
---------------------------------------------------------------------------------
Finished Handling Custom Attributes : Time (s): cpu = 00:00:05 ; elapsed = 00:00:05 . Memory (MB): peak = 441.273 ; gain = 154.652
---------------------------------------------------------------------------------
---------------------------------------------------------------------------------
Finished RTL Optimization Phase 1 : Time (s): cpu = 00:00:05 ; elapsed = 00:00:05 . Memory (MB): peak = 441.273 ; gain = 154.652
---------------------------------------------------------------------------------
INFO: [Device 21-403] Loading part xc7a35tcpg236-1
INFO: [Project 1-570] Preparing netlist for logic optimization

Processing XDC Constraints
Initializing timing engine
Parsing XDC File [c:/Users/junki/Downloads/Telegram Desktop/incomplete_cockery.xpr/SoundDisplay/SoundDisplay.srcs/sources_1/ip/xfft_0/xfft_0/xfft_0_in_context.xdc] for cell 'fft1/fft'
Finished Parsing XDC File [c:/Users/junki/Downloads/Telegram Desktop/incomplete_cockery.xpr/SoundDisplay/SoundDisplay.srcs/sources_1/ip/xfft_0/xfft_0/xfft_0_in_context.xdc] for cell 'fft1/fft'
Parsing XDC File [c:/Users/junki/Downloads/Telegram Desktop/incomplete_cockery.xpr/SoundDisplay/SoundDisplay.srcs/sources_1/ip/bram_4_fft/bram_4_fft/bram_4_fft_in_context.xdc] for cell 'fft1/ampl'
Finished Parsing XDC File [c:/Users/junki/Downloads/Telegram Desktop/incomplete_cockery.xpr/SoundDisplay/SoundDisplay.srcs/sources_1/ip/bram_4_fft/bram_4_fft/bram_4_fft_in_context.xdc] for cell 'fft1/ampl'
Parsing XDC File [C:/Users/junki/Downloads/Telegram Desktop/incomplete_cockery.xpr/SoundDisplay/SoundDisplay.srcs/constrs_1/new/Basys3_Master.xdc]
Finished Parsing XDC File [C:/Users/junki/Downloads/Telegram Desktop/incomplete_cockery.xpr/SoundDisplay/SoundDisplay.srcs/constrs_1/new/Basys3_Master.xdc]
INFO: [Project 1-236] Implementation specific constraints were found while reading constraint file [C:/Users/junki/Downloads/Telegram Desktop/incomplete_cockery.xpr/SoundDisplay/SoundDisplay.srcs/constrs_1/new/Basys3_Master.xdc]. These constraints will be ignored for synthesis but will be used in implementation. Impacted constraints are listed in the file [.Xil/Top_Student_propImpl.xdc].
Resolution: To avoid this warning, move constraints listed in [.Xil/Top_Student_propImpl.xdc] to another XDC file and exclude this new file from synthesis with the used_in_synthesis property (File Properties dialog in GUI) and re-run elaboration/synthesis.
Completed Processing XDC Constraints

INFO: [Project 1-111] Unisim Transformation Summary:
No Unisim elements were transformed.

Constraint Validation Runtime : Time (s): cpu = 00:00:00 ; elapsed = 00:00:00.005 . Memory (MB): peak = 788.332 ; gain = 0.000
WARNING: [Timing 38-316] Clock period '20.000' specified during out-of-context synthesis of instance 'fft1/ampl' at clock pin 'clka' is different from the actual clock period '10.000', this can lead to different synthesis results.
---------------------------------------------------------------------------------
Finished Constraint Validation : Time (s): cpu = 00:00:18 ; elapsed = 00:00:20 . Memory (MB): peak = 789.898 ; gain = 503.277
---------------------------------------------------------------------------------
---------------------------------------------------------------------------------
Start Loading Part and Timing Information
---------------------------------------------------------------------------------
Loading part: xc7a35tcpg236-1
---------------------------------------------------------------------------------
Finished Loading Part and Timing Information : Time (s): cpu = 00:00:18 ; elapsed = 00:00:20 . Memory (MB): peak = 789.898 ; gain = 503.277
---------------------------------------------------------------------------------
---------------------------------------------------------------------------------
Start Applying 'set_property' XDC Constraints
---------------------------------------------------------------------------------
Applied set_property DONT_TOUCH = true for fft1/fft. (constraint file  auto generated constraint, line ).
Applied set_property DONT_TOUCH = true for fft1/ampl. (constraint file  auto generated constraint, line ).
---------------------------------------------------------------------------------
Finished applying 'set_property' XDC Constraints : Time (s): cpu = 00:00:18 ; elapsed = 00:00:20 . Memory (MB): peak = 789.898 ; gain = 503.277
---------------------------------------------------------------------------------
INFO: [Synth 8-5545] ROM "clk_20kHz0" won't be mapped to RAM because address size (32) is larger than maximum supported(25)
INFO: [Synth 8-5818] HDL ADVISOR - The operator resource <adder> is shared. To prevent sharing consider applying a KEEP on the output of the operator [C:/Users/junki/Downloads/Telegram Desktop/incomplete_cockery.xpr/SoundDisplay/SoundDisplay.srcs/sources_1/new/fast_fourier_transform.v:114]
INFO: [Synth 8-5546] ROM "mic_max" won't be mapped to RAM because it is too sparse
INFO: [Synth 8-5546] ROM "mic_max" won't be mapped to RAM because it is too sparse
INFO: [Synth 8-802] inferred FSM for state register 'state_reg' in module 'Oled_Display'
INFO: [Synth 8-5546] ROM "fsm_next_state0" won't be mapped to RAM because it is too sparse
INFO: [Synth 8-5544] ROM "fsm_next_state0" won't be mapped to Block RAM because address size (1) smaller than threshold (5)
INFO: [Synth 8-5546] ROM "fsm_next_state0" won't be mapped to RAM because it is too sparse
---------------------------------------------------------------------------------------------------
                   State |                     New Encoding |                Previous Encoding 
---------------------------------------------------------------------------------------------------
                 PowerUp | 00000000100000000000000000000000 |                            00000
                   Reset | 00000000000100000000000000000000 |                            00001
            ReleaseReset | 00000000000000000000100000000000 |                            00011
            EnableDriver | 00000000000000000001000000000000 |                            00010
              DisplayOff | 00000000000000000100000000000000 |                            00110
   SetRemapDisplayFormat | 00000100000000000000000000000000 |                            00111
            SetStartLine | 00001000000000000000000000000000 |                            00101
               SetOffset | 10000000000000000000000000000000 |                            00100
        SetNormalDisplay | 00000000000000000000000010000000 |                            01100
       SetMultiplexRatio | 00000000000000000000000000100000 |                            01101
  SetMasterConfiguration | 00000000000000000000000001000000 |                            01111
        DisablePowerSave | 00000000000000000000000000000100 |                            01110
          SetPhaseAdjust | 00000000000000000000000000001000 |                            01010
         SetDisplayClock | 00000000001000000000000000000000 |                            01011
     SetSecondPrechargeA | 00000000010000000000000000000000 |                            01001
     SetSecondPrechargeB | 01000000000000000000000000000000 |                            01000
     SetSecondPrechargeC | 00000010000000000000000000000000 |                            11000
       SetPrechargeLevel | 00000001000000000000000000000000 |                            11001
                SetVCOMH | 00000000000000010000000000000000 |                            11011
        SetMasterCurrent | 00000000000000100000000000000000 |                            11010
            SetContrastA | 00000000000001000000000000000000 |                            11110
            SetContrastB | 00100000000000000000000000000000 |                            11111
            SetContrastC | 00000000000000000000000000000001 |                            11101
        DisableScrolling | 00000000000000000000000000000010 |                            11100
             ClearScreen | 00000000000000000000000000010000 |                            10100
                   VccEn | 00010000000000000000000000000000 |                            10101
               DisplayOn | 00000000000010000000000000000000 |                            10111
        PrepareNextFrame | 00000000000000001000000000000000 |                            10110
           SetColAddress | 00000000000000000000010000000000 |                            10010
           SetRowAddress | 00000000000000000000000100000000 |                            10011
           WaitNextFrame | 00000000000000000000001000000000 |                            10001
               SendPixel | 00000000000000000010000000000000 |                            10000
---------------------------------------------------------------------------------------------------
INFO: [Synth 8-3354] encoded FSM with state register 'state_reg' using encoding 'one-hot' in module 'Oled_Display'
---------------------------------------------------------------------------------
Finished RTL Optimization Phase 2 : Time (s): cpu = 00:00:19 ; elapsed = 00:00:21 . Memory (MB): peak = 789.898 ; gain = 503.277
---------------------------------------------------------------------------------

Report RTL Partitions: 
+-+--------------+------------+----------+
| |RTL Partition |Replication |Instances |
+-+--------------+------------+----------+
+-+--------------+------------+----------+
---------------------------------------------------------------------------------
Start RTL Component Statistics 
---------------------------------------------------------------------------------
Detailed RTL Component Info : 
+---Adders : 
	   2 Input     24 Bit       Adders := 1     
	   2 Input     23 Bit       Adders := 2     
	   2 Input     17 Bit       Adders := 1     
	   2 Input     11 Bit       Adders := 1     
	   2 Input     10 Bit       Adders := 4     
	   2 Input      9 Bit       Adders := 15    
	   2 Input      6 Bit       Adders := 1     
+---Registers : 
	              465 Bit    Registers := 1     
	               40 Bit    Registers := 1     
	               17 Bit    Registers := 1     
	               16 Bit    Registers := 1     
	               12 Bit    Registers := 7     
	               11 Bit    Registers := 1     
	               10 Bit    Registers := 4     
	                7 Bit    Registers := 1     
	                6 Bit    Registers := 16    
	                3 Bit    Registers := 1     
	                1 Bit    Registers := 8     
+---Muxes : 
	   2 Input     40 Bit        Muxes := 3     
	  32 Input     32 Bit        Muxes := 1     
	   2 Input     32 Bit        Muxes := 2     
	   2 Input     23 Bit        Muxes := 3     
	   2 Input     21 Bit        Muxes := 1     
	  32 Input     20 Bit        Muxes := 1     
	   2 Input     17 Bit        Muxes := 1     
	   4 Input     16 Bit        Muxes := 1     
	   2 Input     16 Bit        Muxes := 14    
	  17 Input     16 Bit        Muxes := 1     
	   2 Input     11 Bit        Muxes := 4     
	   2 Input     10 Bit        Muxes := 1     
	   6 Input      7 Bit        Muxes := 1     
	  32 Input      6 Bit        Muxes := 1     
	   2 Input      6 Bit        Muxes := 1     
	   5 Input      5 Bit        Muxes := 1     
	   6 Input      5 Bit        Muxes := 1     
	   2 Input      5 Bit        Muxes := 2     
	  32 Input      5 Bit        Muxes := 2     
	   6 Input      3 Bit        Muxes := 1     
	   2 Input      1 Bit        Muxes := 8     
---------------------------------------------------------------------------------
Finished RTL Component Statistics 
---------------------------------------------------------------------------------
---------------------------------------------------------------------------------
Start RTL Hierarchical Component Statistics 
---------------------------------------------------------------------------------
Hierarchical RTL Component report 
Module Top_Student 
Detailed RTL Component Info : 
+---Registers : 
	               12 Bit    Registers := 1     
Module flexible_clock_module 
Detailed RTL Component Info : 
+---Registers : 
	                1 Bit    Registers := 1     
+---Muxes : 
	   2 Input      1 Bit        Muxes := 1     
Module Audio_Capture 
Detailed RTL Component Info : 
+---Registers : 
	               12 Bit    Registers := 2     
	                1 Bit    Registers := 1     
Module fast_fourier_transform 
Detailed RTL Component Info : 
+---Adders : 
	   2 Input     24 Bit       Adders := 1     
	   2 Input     23 Bit       Adders := 2     
	   2 Input     10 Bit       Adders := 4     
+---Registers : 
	               12 Bit    Registers := 1     
	               10 Bit    Registers := 4     
	                1 Bit    Registers := 3     
+---Muxes : 
	   2 Input     23 Bit        Muxes := 3     
	   2 Input     21 Bit        Muxes := 1     
	   2 Input     10 Bit        Muxes := 1     
	   2 Input      1 Bit        Muxes := 1     
Module freq_to_graph 
Detailed RTL Component Info : 
+---Registers : 
	              465 Bit    Registers := 1     
	                1 Bit    Registers := 1     
+---Muxes : 
	   2 Input      1 Bit        Muxes := 1     
Module vol_indicator 
Detailed RTL Component Info : 
+---Adders : 
	   2 Input     11 Bit       Adders := 1     
+---Registers : 
	               12 Bit    Registers := 3     
	               11 Bit    Registers := 1     
	                7 Bit    Registers := 1     
	                3 Bit    Registers := 1     
+---Muxes : 
	   2 Input     11 Bit        Muxes := 1     
	   6 Input      7 Bit        Muxes := 1     
	   5 Input      5 Bit        Muxes := 1     
	   6 Input      5 Bit        Muxes := 1     
	   6 Input      3 Bit        Muxes := 1     
	   2 Input      1 Bit        Muxes := 1     
Module oled_controller 
Detailed RTL Component Info : 
+---Adders : 
	   2 Input      9 Bit       Adders := 15    
+---Registers : 
	               16 Bit    Registers := 1     
	                6 Bit    Registers := 15    
+---Muxes : 
	   4 Input     16 Bit        Muxes := 1     
	   2 Input     16 Bit        Muxes := 14    
	  17 Input     16 Bit        Muxes := 1     
	   2 Input     11 Bit        Muxes := 3     
Module Oled_Display 
Detailed RTL Component Info : 
+---Adders : 
	   2 Input     17 Bit       Adders := 1     
	   2 Input      6 Bit       Adders := 1     
+---Registers : 
	               40 Bit    Registers := 1     
	               17 Bit    Registers := 1     
	                6 Bit    Registers := 1     
+---Muxes : 
	   2 Input     40 Bit        Muxes := 3     
	  32 Input     32 Bit        Muxes := 1     
	   2 Input     32 Bit        Muxes := 2     
	  32 Input     20 Bit        Muxes := 1     
	   2 Input     17 Bit        Muxes := 1     
	  32 Input      6 Bit        Muxes := 1     
	   2 Input      6 Bit        Muxes := 1     
	   2 Input      5 Bit        Muxes := 2     
	  32 Input      5 Bit        Muxes := 2     
	   2 Input      1 Bit        Muxes := 2     
---------------------------------------------------------------------------------
Finished RTL Hierarchical Component Statistics
---------------------------------------------------------------------------------
---------------------------------------------------------------------------------
Start Part Resource Summary
---------------------------------------------------------------------------------
Part Resources:
DSPs: 90 (col length:60)
BRAMs: 100 (col length: RAMB18 60 RAMB36 30)
---------------------------------------------------------------------------------
Finished Part Resource Summary
---------------------------------------------------------------------------------
---------------------------------------------------------------------------------
Start Cross Boundary and Area Optimization
---------------------------------------------------------------------------------
Warning: Parallel synthesis criteria is not met 
WARNING: [Synth 8-6014] Unused sequential element clock_10Hz/clk_20kHz_reg was removed.  [C:/Users/junki/Downloads/Telegram Desktop/incomplete_cockery.xpr/SoundDisplay/SoundDisplay.srcs/sources_1/new/my_clock_module.v:50]
INFO: [Synth 8-5545] ROM "clock_20kHz/clk_20kHz0" won't be mapped to RAM because address size (32) is larger than maximum supported(25)
INFO: [Synth 8-5545] ROM "clock_6_25MHz/clk_20kHz0" won't be mapped to RAM because address size (32) is larger than maximum supported(25)
INFO: [Synth 8-5546] ROM "mic_max" won't be mapped to RAM because it is too sparse
INFO: [Synth 8-5546] ROM "fsm_next_state0" won't be mapped to RAM because it is too sparse
INFO: [Synth 8-5546] ROM "fsm_next_state0" won't be mapped to RAM because it is too sparse
INFO: [Synth 8-5545] ROM "clock_20kHz/clk_20kHz0" won't be mapped to RAM because address size (32) is larger than maximum supported(25)
INFO: [Synth 8-5545] ROM "clock_6_25MHz/clk_20kHz0" won't be mapped to RAM because address size (32) is larger than maximum supported(25)
WARNING: [Synth 8-3917] design Top_Student has port dp driven by constant 1
INFO: [Synth 8-3886] merging instance 'oledController/oled_default_reg[0]' (FD) to 'oledController/oled_default_reg[1]'
INFO: [Synth 8-3886] merging instance 'oledController/oled_default_reg[1]' (FD) to 'oledController/oled_default_reg[3]'
INFO: [Synth 8-3333] propagating constant 0 across sequential element (\oledController/oled_default_reg[2] )
INFO: [Synth 8-3886] merging instance 'oledController/oled_default_reg[3]' (FD) to 'oledController/oled_default_reg[4]'
INFO: [Synth 8-3886] merging instance 'oledController/oled_default_reg[5]' (FD) to 'oledController/oled_default_reg[6]'
INFO: [Synth 8-3886] merging instance 'oledController/oled_default_reg[6]' (FD) to 'oledController/oled_default_reg[7]'
INFO: [Synth 8-3886] merging instance 'oledController/oled_default_reg[9]' (FD) to 'oledController/oled_default_reg[10]'
INFO: [Synth 8-3886] merging instance 'oledController/oled_default_reg[11]' (FD) to 'oledController/oled_default_reg[12]'
INFO: [Synth 8-3886] merging instance 'oledController/oled_default_reg[12]' (FD) to 'oledController/oled_default_reg[14]'
INFO: [Synth 8-3886] merging instance 'oledController/oled_default_reg[14]' (FD) to 'oledController/oled_default_reg[15]'
INFO: [Synth 8-3886] merging instance 'volIndicator/vol_led_reg[5]' (FDR) to 'volIndicator/vol_led_reg[6]'
INFO: [Synth 8-3886] merging instance 'volIndicator/vol_led_reg[6]' (FDR) to 'volIndicator/vol_led_reg[7]'
INFO: [Synth 8-3886] merging instance 'volIndicator/vol_led_reg[7]' (FDR) to 'volIndicator/vol_led_reg[8]'
INFO: [Synth 8-3886] merging instance 'volIndicator/vol_led_reg[8]' (FDR) to 'volIndicator/vol_led_reg[9]'
INFO: [Synth 8-3886] merging instance 'volIndicator/vol_led_reg[9]' (FDR) to 'volIndicator/vol_led_reg[10]'
INFO: [Synth 8-3886] merging instance 'volIndicator/vol_led_reg[10]' (FDR) to 'volIndicator/vol_led_reg[11]'
INFO: [Synth 8-3333] propagating constant 0 across sequential element (\volIndicator/vol_led_reg[11] )
INFO: [Synth 8-3886] merging instance 'volIndicator/seg_reg[0]' (FD) to 'volIndicator/seg_reg[3]'
INFO: [Synth 8-3886] merging instance 'led_reg[5]' (FD) to 'led_reg[6]'
INFO: [Synth 8-3886] merging instance 'led_reg[6]' (FD) to 'led_reg[7]'
INFO: [Synth 8-3886] merging instance 'led_reg[7]' (FD) to 'led_reg[8]'
INFO: [Synth 8-3886] merging instance 'led_reg[8]' (FD) to 'led_reg[9]'
INFO: [Synth 8-3886] merging instance 'led_reg[9]' (FD) to 'led_reg[10]'
INFO: [Synth 8-3886] merging instance 'led_reg[10]' (FD) to 'led_reg[11]'
INFO: [Synth 8-3333] propagating constant 0 across sequential element (\led_reg[11] )
WARNING: [Synth 8-3332] Sequential element (fft2/freq_cnts_reg[450]) is unused and will be removed from module Top_Student.
WARNING: [Synth 8-3332] Sequential element (fft2/freq_cnts_reg[449]) is unused and will be removed from module Top_Student.
WARNING: [Synth 8-3332] Sequential element (fft2/freq_cnts_reg[448]) is unused and will be removed from module Top_Student.
WARNING: [Synth 8-3332] Sequential element (fft2/freq_cnts_reg[447]) is unused and will be removed from module Top_Student.
WARNING: [Synth 8-3332] Sequential element (fft2/freq_cnts_reg[446]) is unused and will be removed from module Top_Student.
WARNING: [Synth 8-3332] Sequential element (fft2/freq_cnts_reg[445]) is unused and will be removed from module Top_Student.
WARNING: [Synth 8-3332] Sequential element (fft2/freq_cnts_reg[444]) is unused and will be removed from module Top_Student.
WARNING: [Synth 8-3332] Sequential element (fft2/freq_cnts_reg[443]) is unused and will be removed from module Top_Student.
WARNING: [Synth 8-3332] Sequential element (fft2/freq_cnts_reg[442]) is unused and will be removed from module Top_Student.
WARNING: [Synth 8-3332] Sequential element (fft2/freq_cnts_reg[441]) is unused and will be removed from module Top_Student.
WARNING: [Synth 8-3332] Sequential element (fft2/freq_cnts_reg[440]) is unused and will be removed from module Top_Student.
WARNING: [Synth 8-3332] Sequential element (fft2/freq_cnts_reg[439]) is unused and will be removed from module Top_Student.
WARNING: [Synth 8-3332] Sequential element (fft2/freq_cnts_reg[438]) is unused and will be removed from module Top_Student.
WARNING: [Synth 8-3332] Sequential element (fft2/freq_cnts_reg[431]) is unused and will be removed from module Top_Student.
WARNING: [Synth 8-3332] Sequential element (fft2/freq_cnts_reg[430]) is unused and will be removed from module Top_Student.
WARNING: [Synth 8-3332] Sequential element (fft2/freq_cnts_reg[429]) is unused and will be removed from module Top_Student.
WARNING: [Synth 8-3332] Sequential element (fft2/freq_cnts_reg[428]) is unused and will be removed from module Top_Student.
WARNING: [Synth 8-3332] Sequential element (fft2/freq_cnts_reg[427]) is unused and will be removed from module Top_Student.
WARNING: [Synth 8-3332] Sequential element (fft2/freq_cnts_reg[426]) is unused and will be removed from module Top_Student.
WARNING: [Synth 8-3332] Sequential element (fft2/freq_cnts_reg[425]) is unused and will be removed from module Top_Student.
WARNING: [Synth 8-3332] Sequential element (fft2/freq_cnts_reg[424]) is unused and will be removed from module Top_Student.
WARNING: [Synth 8-3332] Sequential element (fft2/freq_cnts_reg[423]) is unused and will be removed from module Top_Student.
WARNING: [Synth 8-3332] Sequential element (fft2/freq_cnts_reg[422]) is unused and will be removed from module Top_Student.
WARNING: [Synth 8-3332] Sequential element (fft2/freq_cnts_reg[421]) is unused and will be removed from module Top_Student.
WARNING: [Synth 8-3332] Sequential element (fft2/freq_cnts_reg[420]) is unused and will be removed from module Top_Student.
WARNING: [Synth 8-3332] Sequential element (fft2/freq_cnts_reg[419]) is unused and will be removed from module Top_Student.
WARNING: [Synth 8-3332] Sequential element (fft2/freq_cnts_reg[418]) is unused and will be removed from module Top_Student.
WARNING: [Synth 8-3332] Sequential element (fft2/freq_cnts_reg[417]) is unused and will be removed from module Top_Student.
WARNING: [Synth 8-3332] Sequential element (fft2/freq_cnts_reg[416]) is unused and will be removed from module Top_Student.
WARNING: [Synth 8-3332] Sequential element (fft2/freq_cnts_reg[415]) is unused and will be removed from module Top_Student.
WARNING: [Synth 8-3332] Sequential element (fft2/freq_cnts_reg[414]) is unused and will be removed from module Top_Student.
WARNING: [Synth 8-3332] Sequential element (fft2/freq_cnts_reg[413]) is unused and will be removed from module Top_Student.
WARNING: [Synth 8-3332] Sequential element (fft2/freq_cnts_reg[412]) is unused and will be removed from module Top_Student.
WARNING: [Synth 8-3332] Sequential element (fft2/freq_cnts_reg[411]) is unused and will be removed from module Top_Student.
WARNING: [Synth 8-3332] Sequential element (fft2/freq_cnts_reg[410]) is unused and will be removed from module Top_Student.
WARNING: [Synth 8-3332] Sequential element (fft2/freq_cnts_reg[409]) is unused and will be removed from module Top_Student.
WARNING: [Synth 8-3332] Sequential element (fft2/freq_cnts_reg[408]) is unused and will be removed from module Top_Student.
WARNING: [Synth 8-3332] Sequential element (fft2/freq_cnts_reg[401]) is unused and will be removed from module Top_Student.
WARNING: [Synth 8-3332] Sequential element (fft2/freq_cnts_reg[400]) is unused and will be removed from module Top_Student.
WARNING: [Synth 8-3332] Sequential element (fft2/freq_cnts_reg[399]) is unused and will be removed from module Top_Student.
WARNING: [Synth 8-3332] Sequential element (fft2/freq_cnts_reg[398]) is unused and will be removed from module Top_Student.
WARNING: [Synth 8-3332] Sequential element (fft2/freq_cnts_reg[397]) is unused and will be removed from module Top_Student.
WARNING: [Synth 8-3332] Sequential element (fft2/freq_cnts_reg[396]) is unused and will be removed from module Top_Student.
WARNING: [Synth 8-3332] Sequential element (fft2/freq_cnts_reg[395]) is unused and will be removed from module Top_Student.
WARNING: [Synth 8-3332] Sequential element (fft2/freq_cnts_reg[394]) is unused and will be removed from module Top_Student.
WARNING: [Synth 8-3332] Sequential element (fft2/freq_cnts_reg[393]) is unused and will be removed from module Top_Student.
WARNING: [Synth 8-3332] Sequential element (fft2/freq_cnts_reg[392]) is unused and will be removed from module Top_Student.
WARNING: [Synth 8-3332] Sequential element (fft2/freq_cnts_reg[391]) is unused and will be removed from module Top_Student.
WARNING: [Synth 8-3332] Sequential element (fft2/freq_cnts_reg[390]) is unused and will be removed from module Top_Student.
WARNING: [Synth 8-3332] Sequential element (fft2/freq_cnts_reg[389]) is unused and will be removed from module Top_Student.
WARNING: [Synth 8-3332] Sequential element (fft2/freq_cnts_reg[388]) is unused and will be removed from module Top_Student.
WARNING: [Synth 8-3332] Sequential element (fft2/freq_cnts_reg[387]) is unused and will be removed from module Top_Student.
WARNING: [Synth 8-3332] Sequential element (fft2/freq_cnts_reg[386]) is unused and will be removed from module Top_Student.
WARNING: [Synth 8-3332] Sequential element (fft2/freq_cnts_reg[385]) is unused and will be removed from module Top_Student.
WARNING: [Synth 8-3332] Sequential element (fft2/freq_cnts_reg[384]) is unused and will be removed from module Top_Student.
WARNING: [Synth 8-3332] Sequential element (fft2/freq_cnts_reg[383]) is unused and will be removed from module Top_Student.
WARNING: [Synth 8-3332] Sequential element (fft2/freq_cnts_reg[382]) is unused and will be removed from module Top_Student.
WARNING: [Synth 8-3332] Sequential element (fft2/freq_cnts_reg[381]) is unused and will be removed from module Top_Student.
WARNING: [Synth 8-3332] Sequential element (fft2/freq_cnts_reg[380]) is unused and will be removed from module Top_Student.
WARNING: [Synth 8-3332] Sequential element (fft2/freq_cnts_reg[379]) is unused and will be removed from module Top_Student.
WARNING: [Synth 8-3332] Sequential element (fft2/freq_cnts_reg[378]) is unused and will be removed from module Top_Student.
WARNING: [Synth 8-3332] Sequential element (fft2/freq_cnts_reg[371]) is unused and will be removed from module Top_Student.
WARNING: [Synth 8-3332] Sequential element (fft2/freq_cnts_reg[370]) is unused and will be removed from module Top_Student.
WARNING: [Synth 8-3332] Sequential element (fft2/freq_cnts_reg[369]) is unused and will be removed from module Top_Student.
WARNING: [Synth 8-3332] Sequential element (fft2/freq_cnts_reg[368]) is unused and will be removed from module Top_Student.
WARNING: [Synth 8-3332] Sequential element (fft2/freq_cnts_reg[367]) is unused and will be removed from module Top_Student.
WARNING: [Synth 8-3332] Sequential element (fft2/freq_cnts_reg[366]) is unused and will be removed from module Top_Student.
WARNING: [Synth 8-3332] Sequential element (fft2/freq_cnts_reg[365]) is unused and will be removed from module Top_Student.
WARNING: [Synth 8-3332] Sequential element (fft2/freq_cnts_reg[364]) is unused and will be removed from module Top_Student.
WARNING: [Synth 8-3332] Sequential element (fft2/freq_cnts_reg[363]) is unused and will be removed from module Top_Student.
WARNING: [Synth 8-3332] Sequential element (fft2/freq_cnts_reg[362]) is unused and will be removed from module Top_Student.
WARNING: [Synth 8-3332] Sequential element (fft2/freq_cnts_reg[361]) is unused and will be removed from module Top_Student.
WARNING: [Synth 8-3332] Sequential element (fft2/freq_cnts_reg[360]) is unused and will be removed from module Top_Student.
WARNING: [Synth 8-3332] Sequential element (fft2/freq_cnts_reg[359]) is unused and will be removed from module Top_Student.
WARNING: [Synth 8-3332] Sequential element (fft2/freq_cnts_reg[358]) is unused and will be removed from module Top_Student.
WARNING: [Synth 8-3332] Sequential element (fft2/freq_cnts_reg[357]) is unused and will be removed from module Top_Student.
WARNING: [Synth 8-3332] Sequential element (fft2/freq_cnts_reg[356]) is unused and will be removed from module Top_Student.
WARNING: [Synth 8-3332] Sequential element (fft2/freq_cnts_reg[355]) is unused and will be removed from module Top_Student.
WARNING: [Synth 8-3332] Sequential element (fft2/freq_cnts_reg[354]) is unused and will be removed from module Top_Student.
WARNING: [Synth 8-3332] Sequential element (fft2/freq_cnts_reg[353]) is unused and will be removed from module Top_Student.
WARNING: [Synth 8-3332] Sequential element (fft2/freq_cnts_reg[352]) is unused and will be removed from module Top_Student.
WARNING: [Synth 8-3332] Sequential element (fft2/freq_cnts_reg[351]) is unused and will be removed from module Top_Student.
WARNING: [Synth 8-3332] Sequential element (fft2/freq_cnts_reg[350]) is unused and will be removed from module Top_Student.
WARNING: [Synth 8-3332] Sequential element (fft2/freq_cnts_reg[349]) is unused and will be removed from module Top_Student.
WARNING: [Synth 8-3332] Sequential element (fft2/freq_cnts_reg[348]) is unused and will be removed from module Top_Student.
WARNING: [Synth 8-3332] Sequential element (fft2/freq_cnts_reg[341]) is unused and will be removed from module Top_Student.
WARNING: [Synth 8-3332] Sequential element (fft2/freq_cnts_reg[340]) is unused and will be removed from module Top_Student.
WARNING: [Synth 8-3332] Sequential element (fft2/freq_cnts_reg[339]) is unused and will be removed from module Top_Student.
WARNING: [Synth 8-3332] Sequential element (fft2/freq_cnts_reg[338]) is unused and will be removed from module Top_Student.
WARNING: [Synth 8-3332] Sequential element (fft2/freq_cnts_reg[337]) is unused and will be removed from module Top_Student.
WARNING: [Synth 8-3332] Sequential element (fft2/freq_cnts_reg[336]) is unused and will be removed from module Top_Student.
WARNING: [Synth 8-3332] Sequential element (fft2/freq_cnts_reg[335]) is unused and will be removed from module Top_Student.
WARNING: [Synth 8-3332] Sequential element (fft2/freq_cnts_reg[334]) is unused and will be removed from module Top_Student.
WARNING: [Synth 8-3332] Sequential element (fft2/freq_cnts_reg[333]) is unused and will be removed from module Top_Student.
WARNING: [Synth 8-3332] Sequential element (fft2/freq_cnts_reg[332]) is unused and will be removed from module Top_Student.
WARNING: [Synth 8-3332] Sequential element (fft2/freq_cnts_reg[331]) is unused and will be removed from module Top_Student.
WARNING: [Synth 8-3332] Sequential element (fft2/freq_cnts_reg[330]) is unused and will be removed from module Top_Student.
WARNING: [Synth 8-3332] Sequential element (fft2/freq_cnts_reg[329]) is unused and will be removed from module Top_Student.
WARNING: [Synth 8-3332] Sequential element (fft2/freq_cnts_reg[328]) is unused and will be removed from module Top_Student.
WARNING: [Synth 8-3332] Sequential element (fft2/freq_cnts_reg[327]) is unused and will be removed from module Top_Student.
INFO: [Common 17-14] Message 'Synth 8-3332' appears 100 times and further instances of the messages will be disabled. Use the Tcl command set_msg_config to change the current settings.
---------------------------------------------------------------------------------
Finished Cross Boundary and Area Optimization : Time (s): cpu = 00:00:30 ; elapsed = 00:00:32 . Memory (MB): peak = 789.898 ; gain = 503.277
---------------------------------------------------------------------------------

Report RTL Partitions: 
+-+--------------+------------+----------+
| |RTL Partition |Replication |Instances |
+-+--------------+------------+----------+
+-+--------------+------------+----------+
---------------------------------------------------------------------------------
Start Applying XDC Timing Constraints
---------------------------------------------------------------------------------
---------------------------------------------------------------------------------
Finished Applying XDC Timing Constraints : Time (s): cpu = 00:00:44 ; elapsed = 00:00:47 . Memory (MB): peak = 789.898 ; gain = 503.277
---------------------------------------------------------------------------------
---------------------------------------------------------------------------------
Start Timing Optimization
---------------------------------------------------------------------------------
---------------------------------------------------------------------------------
Finished Timing Optimization : Time (s): cpu = 00:00:49 ; elapsed = 00:00:53 . Memory (MB): peak = 858.156 ; gain = 571.535
---------------------------------------------------------------------------------

Report RTL Partitions: 
+-+--------------+------------+----------+
| |RTL Partition |Replication |Instances |
+-+--------------+------------+----------+
+-+--------------+------------+----------+
---------------------------------------------------------------------------------
Start Technology Mapping
---------------------------------------------------------------------------------
---------------------------------------------------------------------------------
Finished Technology Mapping : Time (s): cpu = 00:00:50 ; elapsed = 00:00:54 . Memory (MB): peak = 869.930 ; gain = 583.309
---------------------------------------------------------------------------------

Report RTL Partitions: 
+-+--------------+------------+----------+
| |RTL Partition |Replication |Instances |
+-+--------------+------------+----------+
+-+--------------+------------+----------+
---------------------------------------------------------------------------------
Start IO Insertion
---------------------------------------------------------------------------------
---------------------------------------------------------------------------------
Start Flattening Before IO Insertion
---------------------------------------------------------------------------------
---------------------------------------------------------------------------------
Finished Flattening Before IO Insertion
---------------------------------------------------------------------------------
---------------------------------------------------------------------------------
Start Final Netlist Cleanup
---------------------------------------------------------------------------------
---------------------------------------------------------------------------------
Finished Final Netlist Cleanup
---------------------------------------------------------------------------------
---------------------------------------------------------------------------------
Finished IO Insertion : Time (s): cpu = 00:00:52 ; elapsed = 00:00:55 . Memory (MB): peak = 869.930 ; gain = 583.309
---------------------------------------------------------------------------------

Report Check Netlist: 
+------+------------------+-------+---------+-------+------------------+
|      |Item              |Errors |Warnings |Status |Description       |
+------+------------------+-------+---------+-------+------------------+
|1     |multi_driven_nets |      0|        0|Passed |Multi driven nets |
+------+------------------+-------+---------+-------+------------------+
---------------------------------------------------------------------------------
Start Renaming Generated Instances
---------------------------------------------------------------------------------
---------------------------------------------------------------------------------
Finished Renaming Generated Instances : Time (s): cpu = 00:00:52 ; elapsed = 00:00:55 . Memory (MB): peak = 869.930 ; gain = 583.309
---------------------------------------------------------------------------------

Report RTL Partitions: 
+-+--------------+------------+----------+
| |RTL Partition |Replication |Instances |
+-+--------------+------------+----------+
+-+--------------+------------+----------+
---------------------------------------------------------------------------------
Start Rebuilding User Hierarchy
---------------------------------------------------------------------------------
---------------------------------------------------------------------------------
Finished Rebuilding User Hierarchy : Time (s): cpu = 00:00:52 ; elapsed = 00:00:55 . Memory (MB): peak = 869.930 ; gain = 583.309
---------------------------------------------------------------------------------
---------------------------------------------------------------------------------
Start Renaming Generated Ports
---------------------------------------------------------------------------------
---------------------------------------------------------------------------------
Finished Renaming Generated Ports : Time (s): cpu = 00:00:52 ; elapsed = 00:00:55 . Memory (MB): peak = 869.930 ; gain = 583.309
---------------------------------------------------------------------------------
---------------------------------------------------------------------------------
Start Handling Custom Attributes
---------------------------------------------------------------------------------
---------------------------------------------------------------------------------
Finished Handling Custom Attributes : Time (s): cpu = 00:00:52 ; elapsed = 00:00:56 . Memory (MB): peak = 869.930 ; gain = 583.309
---------------------------------------------------------------------------------
---------------------------------------------------------------------------------
Start Renaming Generated Nets
---------------------------------------------------------------------------------
---------------------------------------------------------------------------------
Finished Renaming Generated Nets : Time (s): cpu = 00:00:52 ; elapsed = 00:00:56 . Memory (MB): peak = 869.930 ; gain = 583.309
---------------------------------------------------------------------------------
---------------------------------------------------------------------------------
Start Writing Synthesis Report
---------------------------------------------------------------------------------

Report BlackBoxes: 
+------+--------------+----------+
|      |BlackBox name |Instances |
+------+--------------+----------+
|1     |bram_4_fft    |         1|
|2     |xfft_0        |         1|
+------+--------------+----------+

Report Cell Usage: 
+------+-----------+------+
|      |Cell       |Count |
+------+-----------+------+
|1     |bram_4_fft |     1|
|2     |xfft_0     |     1|
|3     |BUFG       |     3|
|4     |CARRY4     |   171|
|5     |LUT1       |    59|
|6     |LUT2       |   362|
|7     |LUT3       |   120|
|8     |LUT4       |   130|
|9     |LUT5       |   190|
|10    |LUT6       |   317|
|11    |MUXF7      |     1|
|12    |FDRE       |   745|
|13    |FDRE_1     |    31|
|14    |FDSE_1     |     1|
|15    |IBUF       |     7|
|16    |OBUF       |    33|
|17    |OBUFT      |     1|
+------+-----------+------+

Report Instance Areas: 
+------+-----------------+------------------------+------+
|      |Instance         |Module                  |Cells |
+------+-----------------+------------------------+------+
|1     |top              |                        |  2242|
|2     |  audioCapture   |Audio_Capture           |    79|
|3     |  clock_20kHz    |flexible_clock_module   |    54|
|4     |  clock_6_25MHz  |flexible_clock_module_0 |    53|
|5     |  fft1           |fast_fourier_transform  |   731|
|6     |  fft2           |freq_to_graph           |   362|
|7     |  oledController |oled_controller         |   328|
|8     |  oledDisplay    |Oled_Display            |   482|
|9     |  volIndicator   |vol_indicator           |    90|
+------+-----------------+------------------------+------+
---------------------------------------------------------------------------------
Finished Writing Synthesis Report : Time (s): cpu = 00:00:52 ; elapsed = 00:00:56 . Memory (MB): peak = 869.930 ; gain = 583.309
---------------------------------------------------------------------------------
Synthesis finished with 0 errors, 0 critical warnings and 752 warnings.
Synthesis Optimization Runtime : Time (s): cpu = 00:00:37 ; elapsed = 00:00:44 . Memory (MB): peak = 869.930 ; gain = 234.684
Synthesis Optimization Complete : Time (s): cpu = 00:00:52 ; elapsed = 00:00:56 . Memory (MB): peak = 869.930 ; gain = 583.309
INFO: [Project 1-571] Translating synthesized netlist
INFO: [Netlist 29-17] Analyzing 211 Unisim elements for replacement
INFO: [Netlist 29-28] Unisim Transformation completed in 0 CPU seconds
INFO: [Project 1-570] Preparing netlist for logic optimization
INFO: [Opt 31-138] Pushed 0 inverter(s) to 0 load pin(s).
INFO: [Project 1-111] Unisim Transformation Summary:
  A total of 32 instances were transformed.
  FDRE_1 => FDRE (inverted pins: C): 31 instances
  FDSE_1 => FDSE (inverted pins: C): 1 instances

INFO: [Common 17-83] Releasing license: Synthesis
77 Infos, 208 Warnings, 0 Critical Warnings and 0 Errors encountered.
synth_design completed successfully
synth_design: Time (s): cpu = 00:00:56 ; elapsed = 00:00:59 . Memory (MB): peak = 869.930 ; gain = 594.812
WARNING: [Constraints 18-5210] No constraint will be written out.
INFO: [Common 17-1381] The checkpoint 'C:/Users/junki/Downloads/Telegram Desktop/incomplete_cockery.xpr/SoundDisplay/SoundDisplay.runs/synth_1/Top_Student.dcp' has been generated.
INFO: [runtcl-4] Executing : report_utilization -file Top_Student_utilization_synth.rpt -pb Top_Student_utilization_synth.pb
report_utilization: Time (s): cpu = 00:00:00 ; elapsed = 00:00:00.060 . Memory (MB): peak = 869.930 ; gain = 0.000
INFO: [Common 17-206] Exiting Vivado at Sun Apr  3 20:23:33 2022...
